<?xml version="1.0" encoding="UTF-8"?>
<!-- Generated by org.testng.reporters.JUnitReportReporter -->
<testsuite skipped="0" hostname="LPT2914" name="pk_OrangeHRM.Weborder_Login_Logout_TestNG" tests="1" failures="0" timestamp="04 Jun 2022 05:50:55 GMT" time="21.056" errors="0">
  <testcase name="WeborderLogin" time="21.056" classname="pk_OrangeHRM.Weborder_Login_Logout_TestNG"/>
</testsuite> <!-- pk_OrangeHRM.Weborder_Login_Logout_TestNG -->
