<?xml version="1.0" encoding="UTF-8"?>
<!-- Generated by org.testng.reporters.JUnitReportReporter -->
<testsuite skipped="0" hostname="LPT2914" name="pk_OrangeHRM.OrangeHRM_geturl_gettitle_TestNG" tests="2" failures="0" timestamp="07 Jun 2022 10:05:17 GMT" time="9.249" errors="0">
  <testcase name="Login_001" time="5.181" classname="pk_OrangeHRM.OrangeHRM_geturl_gettitle_TestNG"/>
  <testcase name="Logout" time="4.068" classname="pk_OrangeHRM.OrangeHRM_geturl_gettitle_TestNG"/>
</testsuite> <!-- pk_OrangeHRM.OrangeHRM_geturl_gettitle_TestNG -->
