<?xml version="1.0" encoding="UTF-8"?>
<!-- Generated by org.testng.reporters.JUnitReportReporter -->
<testsuite skipped="0" hostname="LPT2914" name="pk_OrangeHRM.HTTPAuthentication_TestNg" tests="1" failures="0" timestamp="07 Jun 2022 09:41:32 GMT" time="5.120" errors="0">
  <testcase name="HTTPAuth" time="5.120" classname="pk_OrangeHRM.HTTPAuthentication_TestNg"/>
</testsuite> <!-- pk_OrangeHRM.HTTPAuthentication_TestNg -->
