<?xml version="1.0" encoding="UTF-8"?>
<!-- Generated by org.testng.reporters.JUnitReportReporter -->
<testsuite skipped="0" hostname="LPT2914" name="pk_OrangeHRM.spree_navigate_get_TestNG" tests="1" failures="0" timestamp="07 Jun 2022 11:08:38 GMT" time="2.103" errors="0">
  <testcase name="Login_001" time="2.103" classname="pk_OrangeHRM.spree_navigate_get_TestNG"/>
</testsuite> <!-- pk_OrangeHRM.spree_navigate_get_TestNG -->
