<?xml version="1.0" encoding="UTF-8"?>
<!-- Generated by org.testng.reporters.JUnitReportReporter -->
<testsuite skipped="0" hostname="LPT2914" name="pk_OrangeHRM.handling_Webtable_Pagination" tests="1" failures="0" timestamp="14 Jun 2022 12:34:15 GMT" time="41.342" errors="0">
  <testcase name="Pagination_Example" time="41.342" classname="pk_OrangeHRM.handling_Webtable_Pagination"/>
</testsuite> <!-- pk_OrangeHRM.handling_Webtable_Pagination -->
