<?xml version="1.0" encoding="UTF-8"?>
<!-- Generated by org.testng.reporters.JUnitReportReporter -->
<testsuite skipped="0" hostname="LPT2914" name="pk_OrangeHRM.Saucelab_Eg" tests="2" failures="0" timestamp="14 Jun 2022 11:14:03 GMT" time="37.250" errors="0">
  <testcase name="SauceLab_Example" time="30.300" classname="pk_OrangeHRM.Saucelab_Eg"/>
  <testcase name="Logout" time="6.950" classname="pk_OrangeHRM.Saucelab_Eg"/>
</testsuite> <!-- pk_OrangeHRM.Saucelab_Eg -->
