<?xml version="1.0" encoding="UTF-8"?>
<!-- Generated by org.testng.reporters.JUnitReportReporter -->
<testsuite skipped="0" hostname="LPT2914" name="pk_OrangeHRM.WebOrder_addverifyorders_actions_TestNG" tests="4" failures="0" timestamp="07 Jun 2022 09:13:08 GMT" time="14.748" errors="0">
  <testcase name="Log_In" time="1.896" classname="pk_OrangeHRM.WebOrder_addverifyorders_actions_TestNG"/>
  <testcase name="Add_NewOrder" time="2.504" classname="pk_OrangeHRM.WebOrder_addverifyorders_actions_TestNG"/>
  <testcase name="verifyAdded_WebOrder" time="3.301" classname="pk_OrangeHRM.WebOrder_addverifyorders_actions_TestNG"/>
  <testcase name="ModifyAdded_WebOrder" time="7.047" classname="pk_OrangeHRM.WebOrder_addverifyorders_actions_TestNG"/>
</testsuite> <!-- pk_OrangeHRM.WebOrder_addverifyorders_actions_TestNG -->
