<?xml version="1.0" encoding="UTF-8"?>
<!-- Generated by org.testng.reporters.JUnitReportReporter -->
<testsuite skipped="0" hostname="LPT2914" name="pk_OrangeHRM.Navigatetoall_links_TestNG" tests="1" failures="0" timestamp="07 Jun 2022 11:53:08 GMT" time="123.502" errors="0">
  <testcase name="NavigateToAllLinks" time="123.502" classname="pk_OrangeHRM.Navigatetoall_links_TestNG"/>
</testsuite> <!-- pk_OrangeHRM.Navigatetoall_links_TestNG -->
