<?xml version="1.0" encoding="UTF-8"?>
<!-- Generated by org.testng.reporters.JUnitReportReporter -->
<testsuite skipped="1" hostname="LPT2914" name="pk_OrangeHRM.Disable_Test_Method_Execution" tests="3" failures="0" timestamp="14 Jun 2022 12:12:38 GMT" time="26.658" errors="0">
  <testcase name="Sign_On" time="21.456" classname="pk_OrangeHRM.Disable_Test_Method_Execution"/>
  <testcase name="AddUsers_Page" time="5.202" classname="pk_OrangeHRM.Disable_Test_Method_Execution"/>
  <testcase name="VerifyAddedUser" classname="pk_OrangeHRM.Disable_Test_Method_Execution">
    <skipped/>
  </testcase> <!-- VerifyAddedUser -->
</testsuite> <!-- pk_OrangeHRM.Disable_Test_Method_Execution -->
