<?xml version="1.0" encoding="UTF-8"?>
<!-- Generated by org.testng.reporters.JUnitReportReporter -->
<testsuite skipped="0" hostname="LPT2914" name="pk_OrangeHRM.TestNG_Annotations" tests="5" failures="0" timestamp="12 Jun 2022 09:49:29 GMT" time="0.033" errors="0">
  <testcase name="W_Test1" time="0.008" classname="pk_OrangeHRM.TestNG_Annotations"/>
  <testcase name="K_Test1" time="0.004" classname="pk_OrangeHRM.TestNG_Annotations"/>
  <testcase name="D_Test1" time="0.002" classname="pk_OrangeHRM.TestNG_Annotations"/>
  <testcase name="A_Test1" time="0.017" classname="pk_OrangeHRM.TestNG_Annotations"/>
  <testcase name="F_Test1" time="0.002" classname="pk_OrangeHRM.TestNG_Annotations"/>
</testsuite> <!-- pk_OrangeHRM.TestNG_Annotations -->
