<?xml version="1.0" encoding="UTF-8"?>
<!-- Generated by org.testng.reporters.JUnitReportReporter -->
<testsuite skipped="0" hostname="LPT2914" name="pk_OrangeHRM.SSL_Certificate_Browser" tests="1" failures="0" timestamp="13 Jun 2022 12:20:27 GMT" time="1.443" errors="0">
  <testcase name="openApplication" time="1.443" classname="pk_OrangeHRM.SSL_Certificate_Browser"/>
</testsuite> <!-- pk_OrangeHRM.SSL_Certificate_Browser -->
