<?xml version="1.0" encoding="UTF-8"?>
<!-- Generated by org.testng.reporters.JUnitReportReporter -->
<testsuite skipped="0" hostname="LPT2914" name="pk_OrangeHRM.Headless_Browser" tests="1" failures="0" timestamp="07 Jun 2022 12:16:45 GMT" time="10.323" errors="0">
  <testcase name="Firefox_Headless" time="10.323" classname="pk_OrangeHRM.Headless_Browser"/>
</testsuite> <!-- pk_OrangeHRM.Headless_Browser -->
